2021-11-07 14:13:09,971 - Trying to use logger class org.apache.velocity.runtime.log.Log4JLogChute
2021-11-07 14:13:09,971 - Using logger class org.apache.velocity.runtime.log.Log4JLogChute
2021-11-07 14:13:09,971 - ResourceLoader instantiated: org.apache.velocity.runtime.resource.loader.ClasspathResourceLoader
2021-11-07 14:13:09,971 - ResourceCache: initialized (class org.apache.velocity.runtime.resource.ResourceCacheImpl) with class java.util.Collections$SynchronizedMap cache map.
2021-11-07 14:13:09,972 - Loaded System Directive: org.apache.velocity.runtime.directive.Stop
2021-11-07 14:13:09,972 - Loaded System Directive: org.apache.velocity.runtime.directive.Define
2021-11-07 14:13:09,972 - Loaded System Directive: org.apache.velocity.runtime.directive.Break
2021-11-07 14:13:09,972 - Loaded System Directive: org.apache.velocity.runtime.directive.Evaluate
2021-11-07 14:13:09,972 - Loaded System Directive: org.apache.velocity.runtime.directive.Literal
2021-11-07 14:13:09,972 - Loaded System Directive: org.apache.velocity.runtime.directive.Macro
2021-11-07 14:13:09,972 - Loaded System Directive: org.apache.velocity.runtime.directive.Parse
2021-11-07 14:13:09,972 - Loaded System Directive: org.apache.velocity.runtime.directive.Include
2021-11-07 14:13:09,972 - Loaded System Directive: org.apache.velocity.runtime.directive.Foreach
2021-11-07 14:13:09,973 - Created '20' parsers.
2021-11-07 14:13:09,973 - Velocimacro : "velocimacro.library" is not set.  Trying default library: VM_global_library.vm
2021-11-07 14:13:09,973 - Could not load resource 'VM_global_library.vm' from ResourceLoader org.apache.velocity.runtime.resource.loader.ClasspathResourceLoader: ClasspathResourceLoader Error: cannot find resource VM_global_library.vm
2021-11-07 14:13:09,973 - Velocimacro : Default library not found.
2021-11-07 14:13:09,973 - Velocimacro : allowInline = true : VMs can be defined inline in templates
2021-11-07 14:13:09,973 - Velocimacro : allowInlineToOverride = false : VMs defined inline may NOT replace previous VM definitions
2021-11-07 14:13:09,973 - Velocimacro : allowInlineLocal = false : VMs defined inline will be global in scope if allowed.
2021-11-07 14:13:09,973 - Velocimacro : autoload off : VM system will not automatically reload global library macros
2021-11-07 14:13:09,974 - ResourceManager : found /velocity/notFound.vm with loader org.apache.velocity.runtime.resource.loader.ClasspathResourceLoader
2021-11-07 14:13:09,975 - Velocimacro : added VM mainLayout: source=/velocity/layout.vm
2021-11-07 14:13:09,975 - ResourceManager : found /velocity/layout.vm with loader org.apache.velocity.runtime.resource.loader.ClasspathResourceLoader
